No alerts yet.
2026-04-25 21:30:51.904518 | NETWORK LOST | voice=OK | telegram=SKIPPED
2026-04-25 21:32:42.387983 | NETWORK RESTORED | voice=OK | telegram=SKIPPED
2026-04-25 21:34:42.502032 | NETWORK LOST | voice=OK | telegram=SKIPPED
2026-04-25 21:34:47.601426 | NETWORK RESTORED | voice=OK | telegram=SKIPPED
2026-04-25 21:36:32.496998 | NETWORK LOST | voice=OK | telegram=SKIPPED
2026-04-25 21:36:37.642394 | NETWORK RESTORED | voice=OK | telegram=SKIPPED
2026-04-25 21:42:25.500271 | NETWORK LOST | voice=OK | telegram=SKIPPED
2026-04-25 21:42:30.605158 | NETWORK RESTORED | voice=OK | telegram=SKIPPED
2026-04-25 21:46:23.726988 | NETWORK LOST
2026-04-25 21:46:48.781666 | POWER DISCONNECTED (ON BATTERY)
2026-04-25 21:47:04.271255 | NETWORK RESTORED
2026-04-25 21:47:15.256660 | POWER CONNECTED
2026-04-25 21:51:10.495917 | POWER DISCONNECTED (ON BATTERY)
2026-04-25 21:56:54.188143 | NETWORK LOST
2026-04-25 21:57:05.374746 | NETWORK RESTORED
2026-04-25 21:57:18.735020 | POWER DISCONNECTED (ON BATTERY)
2026-04-25 21:57:24.334780 | POWER CONNECTED
2026-04-25 22:05:32.078278 | NETWORK LOST
2026-04-25 22:05:47.652178 | NETWORK RESTORED
2026-04-25 22:05:53.950863 | POWER DISCONNECTED
2026-04-25 22:06:05.896292 | POWER CONNECTED
2026-04-25 22:10:03.372600 | POWER DISCONNECTED
2026-04-25 22:10:11.860348 | POWER CONNECTED
2026-04-25 22:10:27.688099 | NETWORK LOST
2026-04-25 22:10:44.796086 | NETWORK RESTORED
2026-04-25 22:18:39.568892 | NETWORK LOST
2026-04-25 22:18:54.014714 | NETWORK RESTORED
2026-04-25 22:19:09.603166 | POWER DISCONNECTED
2026-04-25 22:19:20.249306 | POWER CONNECTED
2026-04-25 22:24:57.574066 | POWER DISCONNECTED
2026-04-25 22:25:05.146333 | POWER CONNECTED
2026-04-25 22:25:18.357717 | NETWORK LOST
2026-04-25 22:25:24.691938 | NETWORK RESTORED
2026-04-25 22:26:24.406506 | POWER DISCONNECTED
2026-04-25 22:26:45.737589 | POWER CONNECTED
2026-04-25 22:27:02.085824 | POWER DISCONNECTED
2026-04-25 22:27:08.713636 | POWER CONNECTED
2026-04-25 22:46:58.974037 | NETWORK LOST
2026-04-25 22:47:58.124156 | NETWORK RESTORED
2026-04-25 22:48:21.405728 | POWER DISCONNECTED
2026-04-25 22:48:38.179930 | POWER CONNECTED
2026-04-25 22:50:09.967953 | POWER DISCONNECTED
2026-04-25 22:50:16.362716 | POWER CONNECTED
2026-04-25 22:53:45.550225 | POWER DISCONNECTED
2026-04-25 22:53:55.189266 | POWER CONNECTED
2026-04-25 23:02:16.284875 | POWER CONNECTED
2026-04-25 23:02:24.563127 | NETWORK LOST
2026-04-25 23:02:36.976405 | NETWORK RESTORED
2026-04-25 23:02:39.035800 | NETWORK LOST
2026-04-25 23:03:06.016279 | NETWORK RESTORED
2026-04-25 23:09:21.026686 | POWER DISCONNECTED
2026-04-25 23:09:27.936116 | POWER CONNECTED
2026-04-25 23:09:33.600452 | NETWORK LOST
2026-04-25 23:09:43.930949 | NETWORK RESTORED
2026-04-25 23:11:50.412617 | POWER DISCONNECTED
2026-04-25 23:37:50.107082 | EVENT=NETWORK | MSG=NETWORK LOST | NET=OFF
2026-04-25 23:38:05.923784 | EVENT=NETWORK | MSG=NETWORK RESTORED | NET=ON
2026-04-25 23:38:32.180574 | EVENT=POWER | MSG=POWER DISCONNECTED | NET=ON
2026-04-25 23:38:38.731558 | EVENT=POWER | MSG=POWER CONNECTED | NET=ON
2026-04-25 23:40:22.242189 | EVENT=POWER | MSG=POWER DISCONNECTED | NET=ON
2026-04-25 23:40:33.319872 | EVENT=POWER | MSG=POWER CONNECTED | NET=ON
2026-04-25 23:50:04.598210 | EVENT=NETWORK | MSG=NETWORK LOST | NET=OFF
2026-04-25 23:50:11.861894 | EVENT=NETWORK | MSG=NETWORK RESTORED | NET=ON
2026-04-25 23:50:29.094062 | EVENT=POWER | MSG=POWER DISCONNECTED | NET=ON
2026-04-25 23:50:34.082443 | EVENT=POWER | MSG=POWER DISCONNECTED | NET=ON
2026-04-25 23:50:47.723746 | EVENT=POWER | MSG=POWER CONNECTED | NET=ON
2026-04-26 09:08:15.304607 | EVENT=POWER | MSG=POWER CONNECTED | NET=OFF
2026-04-26 09:08:16.100640 | EVENT=POWER | MSG=POWER DISCONNECTED | NET=OFF
2026-04-26 09:08:19.399800 | EVENT=NETWORK | MSG=NETWORK LOST | NET=OFF
2026-04-26 09:08:38.285081 | EVENT=NETWORK | MSG=NETWORK RESTORED | NET=ON
2026-04-26 10:15:35.446857 | EVENT=POWER | MSG=POWER CONNECTED | NET=ON
2026-04-26 10:15:41.083880 | EVENT=POWER | MSG=POWER CONNECTED | NET=ON
2026-04-26 21:02:50.573997 | EVENT=NETWORK | MSG=NETWORK LOST | NET=OFF
2026-04-26 21:03:04.815180 | EVENT=NETWORK | MSG=NETWORK RESTORED (down 0s) | NET=ON
2026-04-26 21:03:37.066345 | EVENT=POWER | MSG=POWER CONNECTED | NET=ON
2026-04-26 21:03:40.795769 | EVENT=POWER | MSG=POWER CONNECTED | NET=ON
2026-04-26 21:38:54.239510 | EVENT=NETWORK | MSG=NETWORK LOST | NET=OFF
2026-04-26 21:39:17.651697 | EVENT=NETWORK | MSG=NETWORK RESTORED (down 0s) | NET=ON
2026-04-26 21:43:07.608072 | EVENT=POWER | MSG=POWER DISCONNECTED | NET=ON
2026-04-26 21:43:13.465221 | EVENT=POWER | MSG=POWER DISCONNECTED | NET=ON
2026-04-26 21:49:02.438750 | EVENT=POWER | MSG=POWER CONNECTED | NET=ON
2026-04-26 21:49:06.922713 | EVENT=POWER | MSG=POWER CONNECTED | NET=ON
2026-04-27 10:57:53.529036 | EVENT=POWER | MSG=POWER DISCONNECTED | NET=ON
2026-04-27 10:57:58.978640 | EVENT=POWER | MSG=POWER DISCONNECTED | NET=ON
2026-04-27 10:58:17.638966 | EVENT=POWER | MSG=POWER CONNECTED | NET=ON
2026-04-27 11:02:37.786896 | EVENT=NETWORK | MSG=NETWORK LOST | NET=OFF
2026-04-27 11:02:51.130284 | EVENT=NETWORK | MSG=NETWORK RESTORED (down 0s) | NET=ON
2026-04-27 11:34:12.390101 | EVENT=POWER | MSG=POWER DISCONNECTED | NET=OFF
2026-04-27 11:34:25.164895 | EVENT=NETWORK | MSG=NETWORK LOST | NET=OFF
2026-04-27 11:34:32.127940 | EVENT=POWER | MSG=POWER CONNECTED | NET=OFF
2026-04-27 11:36:57.940307 | EVENT=NETWORK | MSG=NETWORK RESTORED (down 0s) | NET=ON
2026-04-27 13:38:53.994105 | POWER | POWER DISCONNECTED | NET=ON
2026-04-27 13:38:58.778563 | POWER | POWER DISCONNECTED | NET=ON
2026-04-27 13:51:26.300208 | NETWORK | NETWORK LOST | NET=OFF
2026-04-27 13:51:44.366721 | NETWORK | NETWORK RESTORED (down 16s) | NET=ON
2026-04-27 13:54:34.969340 | NETWORK | NETWORK LOST | NET=OFF
2026-04-27 13:55:00.394020 | NETWORK | NETWORK RESTORED (down 22s) | NET=ON
2026-04-27 14:00:16.174869 | NETWORK | NETWORK LOST | NET=OFF
2026-04-27 14:00:33.750309 | NETWORK | NETWORK RESTORED (down 16s) | NET=ON
2026-04-27 14:04:30.784011 | POWER | POWER DISCONNECTED | NET=ON
2026-04-27 14:05:06.651506 | POWER | POWER CONNECTED | NET=ON
2026-04-27 14:05:10.400078 | POWER | POWER CONNECTED | NET=ON
2026-04-27 14:05:28.455046 | NETWORK | NETWORK LOST | NET=OFF
2026-04-27 14:05:36.787674 | NETWORK | NETWORK RESTORED (down 7s) | NET=ON
2026-04-27 14:07:25.804435 | NETWORK | NETWORK LOST | NET=OFF
2026-04-27 14:07:37.511350 | NETWORK | NETWORK RESTORED (down 11s) | NET=ON
2026-04-27 14:49:24.469040 | POWER | POWER DISCONNECTED | NET=ON
2026-04-27 14:49:29.806740 | POWER | POWER DISCONNECTED | NET=ON
2026-04-27 14:49:33.530542 | POWER | POWER CONNECTED | NET=ON
2026-04-27 14:49:37.625653 | POWER | POWER CONNECTED | NET=ON
2026-04-27 14:49:49.391729 | NETWORK | NETWORK LOST | NET=OFF
2026-04-27 14:49:57.432533 | NETWORK | NETWORK RESTORED (down 9s) | NET=ON
